Flow report for synthesizer
Wed May 03 18:33:39 2023
Quartus Prime Version 18.1.0 Build 625 09/12/2018 SJ Lite Edition


---------------------
; Table of Contents ;
---------------------
  1. Legal Notice
  2. Flow Summary
  3. Flow Settings
  4. Flow Non-Default Global Settings
  5. Flow Elapsed Time
  6. Flow OS Summary
  7. Flow Log
  8. Flow Messages
  9. Flow Suppressed Messages



----------------
; Legal Notice ;
----------------
Copyright (C) 2018  Intel Corporation. All rights reserved.
Your use of Intel Corporation's design tools, logic functions 
and other software and tools, and its AMPP partner logic 
functions, and any output files from any of the foregoing 
(including device programming or simulation files), and any 
associated documentation or information are expressly subject 
to the terms and conditions of the Intel Program License 
Subscription Agreement, the Intel Quartus Prime License Agreement,
the Intel FPGA IP License Agreement, or other applicable license
agreement, including, without limitation, that your use is for
the sole purpose of programming logic devices manufactured by
Intel and sold by Intel or its authorized distributors.  Please
refer to the applicable agreement for further details.



+----------------------------------------------------------------------------------+
; Flow Summary                                                                     ;
+------------------------------------+---------------------------------------------+
; Flow Status                        ; Successful - Wed May 03 18:33:13 2023       ;
; Quartus Prime Version              ; 18.1.0 Build 625 09/12/2018 SJ Lite Edition ;
; Revision Name                      ; synthesizer                                 ;
; Top-level Entity Name              ; synthesizer                                 ;
; Family                             ; MAX 10                                      ;
; Device                             ; 10M50DAF484C7G                              ;
; Timing Models                      ; Final                                       ;
; Total logic elements               ; 37,722 / 49,760 ( 76 % )                    ;
;     Total combinational functions  ; 34,765 / 49,760 ( 70 % )                    ;
;     Dedicated logic registers      ; 8,038 / 49,760 ( 16 % )                     ;
; Total registers                    ; 8107                                        ;
; Total pins                         ; 141 / 360 ( 39 % )                          ;
; Total virtual pins                 ; 0                                           ;
; Total memory bits                  ; 797,896 / 1,677,312 ( 48 % )                ;
; Embedded Multiplier 9-bit elements ; 288 / 288 ( 100 % )                         ;
; Total PLLs                         ; 1 / 4 ( 25 % )                              ;
; UFM blocks                         ; 0 / 1 ( 0 % )                               ;
; ADC blocks                         ; 0 / 2 ( 0 % )                               ;
+------------------------------------+---------------------------------------------+


+-----------------------------------------+
; Flow Settings                           ;
+-------------------+---------------------+
; Option            ; Setting             ;
+-------------------+---------------------+
; Start date & time ; 05/03/2023 18:28:26 ;
; Main task         ; Compilation         ;
; Revision Name     ; synthesizer         ;
+-------------------+---------------------+


+--------------------------------------------------------------------------------------------------------------------------------------------------------------+
; Flow Non-Default Global Settings                                                                                                                             ;
+-------------------------------------+-------------------------------------------------------------------+---------------+-------------------+----------------+
; Assignment Name                     ; Value                                                             ; Default Value ; Entity Name       ; Section Id     ;
+-------------------------------------+-------------------------------------------------------------------+---------------+-------------------+----------------+
; COMPILER_SIGNATURE_ID               ; 136685079871981.168315650501816                                   ; --            ; --                ; --             ;
; EDA_OUTPUT_DATA_FORMAT              ; None                                                              ; --            ; --                ; eda_simulation ;
; EDA_TIME_SCALE                      ; 1 ps                                                              ; --            ; --                ; eda_simulation ;
; MAX_CORE_JUNCTION_TEMP              ; 85                                                                ; --            ; --                ; --             ;
; MIN_CORE_JUNCTION_TEMP              ; 0                                                                 ; --            ; --                ; --             ;
; MISC_FILE                           ; synthesizer_soc/synthesis/../synthesizer_soc.cmp                  ; --            ; --                ; --             ;
; MISC_FILE                           ; synthesizer_soc/synthesis/../../synthesizer_soc.qsys              ; --            ; --                ; --             ;
; MISC_FILE                           ; sine_rom_bb.v                                                     ; --            ; --                ; --             ;
; OUTPUT_IO_TIMING_FAR_END_VMEAS      ; Half Signal Swing                                                 ; --            ; --                ; --             ;
; OUTPUT_IO_TIMING_FAR_END_VMEAS      ; Half Signal Swing                                                 ; --            ; --                ; --             ;
; OUTPUT_IO_TIMING_NEAR_END_VMEAS     ; Half Vccio                                                        ; --            ; --                ; --             ;
; OUTPUT_IO_TIMING_NEAR_END_VMEAS     ; Half Vccio                                                        ; --            ; --                ; --             ;
; PARTITION_COLOR                     ; -- (Not supported for targeted family)                            ; --            ; DE10_LITE_Default ; Top            ;
; PARTITION_COLOR                     ; -- (Not supported for targeted family)                            ; --            ; --                ; Top            ;
; PARTITION_FITTER_PRESERVATION_LEVEL ; -- (Not supported for targeted family)                            ; --            ; DE10_LITE_Default ; Top            ;
; PARTITION_FITTER_PRESERVATION_LEVEL ; -- (Not supported for targeted family)                            ; --            ; --                ; Top            ;
; PARTITION_NETLIST_TYPE              ; -- (Not supported for targeted family)                            ; --            ; DE10_LITE_Default ; Top            ;
; PARTITION_NETLIST_TYPE              ; -- (Not supported for targeted family)                            ; --            ; --                ; Top            ;
; POWER_BOARD_THERMAL_MODEL           ; None (CONSERVATIVE)                                               ; --            ; --                ; --             ;
; POWER_PRESET_COOLING_SOLUTION       ; 23 MM HEAT SINK WITH 200 LFPM AIRFLOW                             ; --            ; --                ; --             ;
; PROJECT_OUTPUT_DIRECTORY            ; output_files                                                      ; --            ; --                ; --             ;
; SLD_FILE                            ; synthesizer_soc/synthesis/synthesizer_soc.regmap                  ; --            ; --                ; --             ;
; SLD_FILE                            ; synthesizer_soc/synthesis/synthesizer_soc.debuginfo               ; --            ; --                ; --             ;
; SLD_INFO                            ; QSYS_NAME synthesizer_soc HAS_SOPCINFO 1 GENERATION_ID 1682793879 ; --            ; synthesizer_soc   ; --             ;
; SOPCINFO_FILE                       ; synthesizer_soc/synthesis/../../synthesizer_soc.sopcinfo          ; --            ; --                ; --             ;
; SYNTHESIS_ONLY_QIP                  ; On                                                                ; --            ; --                ; --             ;
+-------------------------------------+-------------------------------------------------------------------+---------------+-------------------+----------------+


+--------------------------------------------------------------------------------------------------------------------------+
; Flow Elapsed Time                                                                                                        ;
+----------------------+--------------+-------------------------+---------------------+------------------------------------+
; Module Name          ; Elapsed Time ; Average Processors Used ; Peak Virtual Memory ; Total CPU Time (on all processors) ;
+----------------------+--------------+-------------------------+---------------------+------------------------------------+
; Analysis & Synthesis ; 00:02:05     ; 1.0                     ; 5237 MB             ; 00:02:30                           ;
; Fitter               ; 00:02:19     ; 1.5                     ; 6056 MB             ; 00:05:36                           ;
; Assembler            ; 00:00:06     ; 1.0                     ; 4808 MB             ; 00:00:06                           ;
; Timing Analyzer      ; 00:00:25     ; 2.6                     ; 5120 MB             ; 00:00:59                           ;
; Total                ; 00:04:55     ; --                      ; --                  ; 00:09:11                           ;
+----------------------+--------------+-------------------------+---------------------+------------------------------------+


+------------------------------------------------------------------------------------+
; Flow OS Summary                                                                    ;
+----------------------+------------------+------------+------------+----------------+
; Module Name          ; Machine Hostname ; OS Name    ; OS Version ; Processor type ;
+----------------------+------------------+------------+------------+----------------+
; Analysis & Synthesis ; EthanLaptop      ; Windows 10 ; 10.0       ; x86_64         ;
; Fitter               ; EthanLaptop      ; Windows 10 ; 10.0       ; x86_64         ;
; Assembler            ; EthanLaptop      ; Windows 10 ; 10.0       ; x86_64         ;
; Timing Analyzer      ; EthanLaptop      ; Windows 10 ; 10.0       ; x86_64         ;
+----------------------+------------------+------------+------------+----------------+


------------
; Flow Log ;
------------
quartus_map --read_settings_files=on --write_settings_files=off final_project -c synthesizer
quartus_fit --read_settings_files=off --write_settings_files=off final_project -c synthesizer
quartus_asm --read_settings_files=off --write_settings_files=off final_project -c synthesizer
quartus_sta final_project -c synthesizer



